<?xml version="1.0" encoding="UTF-8"?>
<testsuite name="com.proto.workingdiary.WorkingDiaryApplicationTests" tests="1" skipped="0" failures="0" errors="0" timestamp="2021-10-05T13:28:09" hostname="Alpcan-MacBook-Pro.local" time="0.388">
  <properties/>
  <testcase name="contextLoads()" classname="com.proto.workingdiary.WorkingDiaryApplicationTests" time="0.388"/>
  <system-out><![CDATA[16:28:00.813 [Test worker] DEBUG org.springframework.test.context.BootstrapUtils - Instantiating CacheAwareContextLoaderDelegate from class [org.springframework.test.context.cache.DefaultCacheAwareContextLoaderDelegate]
16:28:00.826 [Test worker] DEBUG org.springframework.test.context.BootstrapUtils - Instantiating BootstrapContext using constructor [public org.springframework.test.context.support.DefaultBootstrapContext(java.lang.Class,org.springframework.test.context.CacheAwareContextLoaderDelegate)]
16:28:00.854 [Test worker] DEBUG org.springframework.test.context.BootstrapUtils - Instantiating TestContextBootstrapper for test class [com.proto.workingdiary.WorkingDiaryApplicationTests] from class [org.springframework.boot.test.context.SpringBootTestContextBootstrapper]
16:28:00.863 [Test worker] INFO org.springframework.boot.test.context.SpringBootTestContextBootstrapper - Neither @ContextConfiguration nor @ContextHierarchy found for test class [com.proto.workingdiary.WorkingDiaryApplicationTests], using SpringBootContextLoader
16:28:00.866 [Test worker] DEBUG org.springframework.test.context.support.AbstractContextLoader - Did not detect default resource location for test class [com.proto.workingdiary.WorkingDiaryApplicationTests]: class path resource [com/proto/workingdiary/WorkingDiaryApplicationTests-context.xml] does not exist
16:28:00.867 [Test worker] DEBUG org.springframework.test.context.support.AbstractContextLoader - Did not detect default resource location for test class [com.proto.workingdiary.WorkingDiaryApplicationTests]: class path resource [com/proto/workingdiary/WorkingDiaryApplicationTestsContext.groovy] does not exist
16:28:00.867 [Test worker] INFO org.springframework.test.context.support.AbstractContextLoader - Could not detect default resource locations for test class [com.proto.workingdiary.WorkingDiaryApplicationTests]: no resource found for suffixes {-context.xml, Context.groovy}.
16:28:00.868 [Test worker] INFO org.springframework.test.context.support.AnnotationConfigContextLoaderUtils - Could not detect default configuration classes for test class [com.proto.workingdiary.WorkingDiaryApplicationTests]: WorkingDiaryApplicationTests does not declare any static, non-private, non-final, nested classes annotated with @Configuration.
16:28:00.906 [Test worker] DEBUG org.springframework.test.context.support.ActiveProfilesUtils - Could not find an 'annotation declaring class' for annotation type [org.springframework.test.context.ActiveProfiles] and class [com.proto.workingdiary.WorkingDiaryApplicationTests]
16:28:00.953 [Test worker] DEBUG org.springframework.context.annotation.ClassPathScanningCandidateComponentProvider - Identified candidate component class: file [/Users/alpcan/IdeaProjects/working-diary/build/classes/java/main/com/proto/workingdiary/WorkingDiaryApplication.class]
16:28:00.954 [Test worker] INFO org.springframework.boot.test.context.SpringBootTestContextBootstrapper - Found @SpringBootConfiguration com.proto.workingdiary.WorkingDiaryApplication for test class com.proto.workingdiary.WorkingDiaryApplicationTests
16:28:01.034 [Test worker] DEBUG org.springframework.boot.test.context.SpringBootTestContextBootstrapper - @TestExecutionListeners is not present for class [com.proto.workingdiary.WorkingDiaryApplicationTests]: using defaults.
16:28:01.034 [Test worker] INFO org.springframework.boot.test.context.SpringBootTestContextBootstrapper - Loaded default TestExecutionListener class names from location [META-INF/spring.factories]: [org.springframework.boot.test.autoconfigure.restdocs.RestDocsTestExecutionListener, org.springframework.boot.test.autoconfigure.web.client.MockRestServiceServerResetTestExecutionListener, org.springframework.boot.test.autoconfigure.web.servlet.MockMvcPrintOnlyOnFailureTestExecutionListener, org.springframework.boot.test.autoconfigure.web.servlet.WebDriverTestExecutionListener, org.springframework.boot.test.autoconfigure.webservices.client.MockWebServiceServerTestExecutionListener, org.springframework.boot.test.mock.mockito.MockitoTestExecutionListener, org.springframework.boot.test.mock.mockito.ResetMocksTestExecutionListener, org.springframework.test.context.web.ServletTestExecutionListener, org.springframework.test.context.support.DirtiesContextBeforeModesTestExecutionListener, org.springframework.test.context.event.ApplicationEventsTestExecutionListener, org.springframework.test.context.support.DependencyInjectionTestExecutionListener, org.springframework.test.context.support.DirtiesContextTestExecutionListener, org.springframework.test.context.transaction.TransactionalTestExecutionListener, org.springframework.test.context.jdbc.SqlScriptsTestExecutionListener, org.springframework.test.context.event.EventPublishingTestExecutionListener]
16:28:01.050 [Test worker] INFO org.springframework.boot.test.context.SpringBootTestContextBootstrapper - Using TestExecutionListeners: [org.springframework.test.context.web.ServletTestExecutionListener@4f1672aa, org.springframework.test.context.support.DirtiesContextBeforeModesTestExecutionListener@52770ad1, org.springframework.test.context.event.ApplicationEventsTestExecutionListener@2e25b5b2, org.springframework.boot.test.mock.mockito.MockitoTestExecutionListener@50ce8cc2, org.springframework.boot.test.autoconfigure.SpringBootDependencyInjectionTestExecutionListener@2cb13753, org.springframework.test.context.support.DirtiesContextTestExecutionListener@46fa9196, org.springframework.test.context.transaction.TransactionalTestExecutionListener@457134de, org.springframework.test.context.jdbc.SqlScriptsTestExecutionListener@617d082e, org.springframework.test.context.event.EventPublishingTestExecutionListener@44d3b0fd, org.springframework.boot.test.autoconfigure.restdocs.RestDocsTestExecutionListener@5637efd0, org.springframework.boot.test.autoconfigure.web.client.MockRestServiceServerResetTestExecutionListener@1a2ce60c, org.springframework.boot.test.autoconfigure.web.servlet.MockMvcPrintOnlyOnFailureTestExecutionListener@1319a11f, org.springframework.boot.test.autoconfigure.web.servlet.WebDriverTestExecutionListener@4a94afd9, org.springframework.boot.test.autoconfigure.webservices.client.MockWebServiceServerTestExecutionListener@23b49034, org.springframework.boot.test.mock.mockito.ResetMocksTestExecutionListener@5ed51ec8]
16:28:01.054 [Test worker] DEBUG org.springframework.test.context.support.AbstractDirtiesContextTestExecutionListener - Before test class: context [DefaultTestContext@440972cd testClass = WorkingDiaryApplicationTests, testInstance = [null], testMethod = [null], testException = [null], mergedContextConfiguration = [WebMergedContextConfiguration@35b0fa7c testClass = WorkingDiaryApplicationTests, locations = '{}', classes = '{class com.proto.workingdiary.WorkingDiaryApplication}', contextInitializerClasses = '[]', activeProfiles = '{}', propertySourceLocations = '{}', propertySourceProperties = '{org.springframework.boot.test.context.SpringBootTestContextBootstrapper=true}', contextCustomizers = set[org.springframework.boot.test.autoconfigure.actuate.metrics.MetricsExportContextCustomizerFactory$DisableMetricExportContextCustomizer@cdbd787, org.springframework.boot.test.autoconfigure.properties.PropertyMappingContextCustomizer@0, org.springframework.boot.test.autoconfigure.web.servlet.WebDriverContextCustomizerFactory$Customizer@147f1a30, org.springframework.boot.test.context.filter.ExcludeFilterContextCustomizer@555cc5cc, org.springframework.boot.test.json.DuplicateJsonObjectContextCustomizerFactory$DuplicateJsonObjectContextCustomizer@29663cc1, org.springframework.boot.test.mock.mockito.MockitoContextCustomizer@0, org.springframework.boot.test.web.client.TestRestTemplateContextCustomizer@f7ada65, org.springframework.boot.test.context.SpringBootTestArgs@1, org.springframework.boot.test.context.SpringBootTestWebEnvironment@14fd5918], resourceBasePath = 'src/main/webapp', contextLoader = 'org.springframework.boot.test.context.SpringBootContextLoader', parent = [null]], attributes = map['org.springframework.test.context.web.ServletTestExecutionListener.activateListener' -> true]], class annotated with @DirtiesContext [false] with mode [null].
16:28:01.091 [Test worker] DEBUG org.springframework.test.context.support.TestPropertySourceUtils - Adding inlined properties to environment: {spring.jmx.enabled=false, org.springframework.boot.test.context.SpringBootTestContextBootstrapper=true}

  .   ____          _            __ _ _
 /\\ / ___'_ __ _ _(_)_ __  __ _ \ \ \ \
( ( )\___ | '_ | '_| | '_ \/ _` | \ \ \ \
 \\/  ___)| |_)| | | | | || (_| |  ) ) ) )
  '  |____| .__|_| |_|_| |_\__, | / / / /
 =========|_|==============|___/=/_/_/_/
 :: Spring Boot ::                (v2.5.4)

2021-10-05 16:28:06.353  INFO 38167 --- [    Test worker] c.p.w.WorkingDiaryApplicationTests       : Starting WorkingDiaryApplicationTests using Java 11.0.12 on Alpcan-MacBook-Pro.local with PID 38167 (started by alpcan in /Users/alpcan/IdeaProjects/working-diary)
2021-10-05 16:28:06.356  INFO 38167 --- [    Test worker] c.p.w.WorkingDiaryApplicationTests       : No active profile set, falling back to default profiles: default
2021-10-05 16:28:07.429  INFO 38167 --- [    Test worker] .s.d.r.c.RepositoryConfigurationDelegate : Multiple Spring Data modules found, entering strict repository configuration mode!
2021-10-05 16:28:07.430  INFO 38167 --- [    Test worker] .s.d.r.c.RepositoryConfigurationDelegate : Bootstrapping Spring Data MongoDB repositories in DEFAULT mode.
2021-10-05 16:28:07.470  INFO 38167 --- [    Test worker] .s.d.r.c.RepositoryConfigurationDelegate : Finished Spring Data repository scanning in 36 ms. Found 2 MongoDB repository interfaces.
2021-10-05 16:28:07.948  INFO 38167 --- [    Test worker] org.mongodb.driver.cluster               : Cluster created with settings {hosts=[localhost:27017], mode=SINGLE, requiredClusterType=UNKNOWN, serverSelectionTimeout='30000 ms'}
2021-10-05 16:28:08.025  INFO 38167 --- [localhost:27017] org.mongodb.driver.connection            : Opened connection [connectionId{localValue:2, serverValue:303}] to localhost:27017
2021-10-05 16:28:08.025  INFO 38167 --- [localhost:27017] org.mongodb.driver.connection            : Opened connection [connectionId{localValue:1, serverValue:304}] to localhost:27017
2021-10-05 16:28:08.026  INFO 38167 --- [localhost:27017] org.mongodb.driver.cluster               : Monitor thread successfully connected to server with description ServerDescription{address=localhost:27017, type=STANDALONE, state=CONNECTED, ok=true, minWireVersion=0, maxWireVersion=13, maxDocumentSize=16777216, logicalSessionTimeoutMinutes=30, roundTripTimeNanos=20208259}
2021-10-05 16:28:09.490  INFO 38167 --- [    Test worker] d.s.w.p.DocumentationPluginsBootstrapper : Context refreshed
2021-10-05 16:28:09.511  INFO 38167 --- [    Test worker] d.s.w.p.DocumentationPluginsBootstrapper : Found 1 custom documentation plugin(s)
2021-10-05 16:28:09.522  INFO 38167 --- [    Test worker] s.d.s.w.s.ApiListingReferenceScanner     : Scanning for api listing references
2021-10-05 16:28:09.642  INFO 38167 --- [    Test worker] c.p.w.WorkingDiaryApplicationTests       : Started WorkingDiaryApplicationTests in 8.541 seconds (JVM running for 9.569)
]]></system-out>
  <system-err><![CDATA[]]></system-err>
</testsuite>
